scripts/kconfig/conf --silentoldconfig Kconfig
  CHK     include/linux/version.h
  UPD     include/linux/version.h
  CHK     include/generated/utsrelease.h
  UPD     include/generated/utsrelease.h
  CC      scripts/mod/empty.o
  HOSTCC  scripts/mod/mk_elfconfig
  HOSTCC  scripts/kallsyms
  MKELF   scripts/mod/elfconfig.h
  HOSTCC  scripts/mod/file2alias.o
  Generating include/generated/mach-types.h
  CC      kernel/bounds.s
  HOSTCC  scripts/conmakehash
  GEN     include/generated/bounds.h
  CC      arch/arm/kernel/asm-offsets.s
  HOSTCC  scripts/mod/modpost.o
  HOSTCC  scripts/recordmcount
  GEN     include/generated/asm-offsets.h
  CALL    scripts/checksyscalls.sh
  HOSTCC  scripts/mod/sumversion.o
  HOSTLD  scripts/mod/modpost
  CC [M]  drivers/net/wireless/bcmdhd/src/bcmsdio/sys/bcmsdh.o
  CC [M]  drivers/scsi/scsi_wait_scan.o
  CC [M]  drivers/staging/westbridge/astoria/switch/cyasswitch.o
  CC [M]  drivers/net/wireless/bcmdhd/src/bcmsdio/sys/bcmsdh_linux.o
  CC [M]  drivers/net/wireless/bcmdhd/src/bcmsdio/sys/bcmsdh_sdmmc.o
  CC [M]  drivers/net/wireless/bcmdhd/src/bcmsdio/sys/bcmsdh_sdmmc_linux.o
  CC [M]  drivers/net/wireless/bcmdhd/src/dhd/sys/dhd_bta.o
  CC [M]  drivers/net/wireless/bcmdhd/src/dhd/sys/dhd_cdc.o
  CC [M]  drivers/net/wireless/bcmdhd/src/dhd/sys/dhd_common.o
  CC [M]  drivers/net/wireless/bcmdhd/src/dhd/sys/dhd_custom_gpio.o
  CC [M]  drivers/net/wireless/bcmdhd/src/dhd/sys/dhd_custom_sec.o
  CC [M]  drivers/net/wireless/bcmdhd/src/dhd/sys/dhd_linux.o
  CC [M]  drivers/net/wireless/bcmdhd/src/dhd/sys/dhd_linux_sched.o
  CC [M]  drivers/net/wireless/bcmdhd/src/dhd/sys/dhd_cfg80211.o
  CC [M]  drivers/net/wireless/bcmdhd/src/dhd/sys/dhd_sdio.o
  CC [M]  drivers/net/wireless/bcmdhd/src/shared/aiutils.o
  CC [M]  drivers/net/wireless/bcmdhd/src/shared/bcmevent.o
  CC [M]  drivers/net/wireless/bcmdhd/src/shared/bcmutils.o
  CC [M]  drivers/net/wireless/bcmdhd/src/wl/bcmwifi/src/bcmwifi_channels.o
  CC [M]  drivers/net/wireless/bcmdhd/src/shared/hndpmu.o
  CC [M]  drivers/net/wireless/bcmdhd/src/shared/linux_osl.o
  CC [M]  drivers/net/wireless/bcmdhd/src/shared/sbutils.o
  CC [M]  drivers/net/wireless/bcmdhd/src/shared/siutils.o
  CC [M]  drivers/net/wireless/bcmdhd/src/wl/sys/wl_android.o
  CC [M]  drivers/net/wireless/bcmdhd/src/wl/sys/wl_cfg80211.o
drivers/net/wireless/bcmdhd/src/wl/sys/wl_android.c: In function 'wl_android_sta_diassoc':
drivers/net/wireless/bcmdhd/src/wl/sys/wl_android.c:735: warning: unused variable 'addr' [-Wunused-variable]
  CC [M]  drivers/net/wireless/bcmdhd/src/wl/sys/wl_cfgp2p.o
  CC [M]  drivers/net/wireless/bcmdhd/src/wl/sys/wldev_common.o
  CC [M]  drivers/net/wireless/bcmdhd/src/wl/sys/wl_linux_mon.o
  CC [M]  drivers/net/wireless/bcmdhd/src/wl/sys/wl_roam.o
  LD [M]  drivers/net/wireless/bcmdhd/dhd.o
  Building modules, stage 2.
  MODPOST 3 modules
  CC      drivers/net/wireless/bcmdhd/dhd.mod.o
  CC      drivers/scsi/scsi_wait_scan.mod.o
  CC      drivers/staging/westbridge/astoria/switch/cyasswitch.mod.o
  LD [M]  drivers/staging/westbridge/astoria/switch/cyasswitch.ko
  LD [M]  drivers/net/wireless/bcmdhd/dhd.ko
  LD [M]  drivers/scsi/scsi_wait_scan.ko
